c:\users\cj larent\documents\github\dario-conquest\alphav8.1\prototype\sdltraveler\debug\vc142.pdb
c:\users\cj larent\documents\github\dario-conquest\alphav8.1\prototype\sdltraveler\debug\vc142.idb
c:\users\cj larent\documents\github\dario-conquest\alphav8.1\prototype\sdltraveler\debug\scoremanager.obj
c:\users\cj larent\documents\github\dario-conquest\alphav8.1\prototype\sdltraveler\debug\main.obj
c:\users\cj larent\documents\github\dario-conquest\alphav8.1\prototype\sdltraveler\debug\level.obj
c:\users\cj larent\documents\github\dario-conquest\alphav8.1\prototype\sdltraveler\debug\game.obj
c:\users\cj larent\documents\github\dario-conquest\alphav8.1\prototype\sdltraveler\debug\eyebeam.obj
c:\users\cj larent\documents\github\dario-conquest\alphav8.1\prototype\sdltraveler\debug\credits.obj
c:\users\cj larent\documents\github\dario-conquest\alphav8.1\prototype\sdltraveler\debug\audiomanager.obj
c:\users\cj larent\documents\github\dario-conquest\alphav8.1\prototype\sdltraveler\debug\arrow.obj
c:\users\jesse\documents\mydocs\gbc\production2\alphav8\prototype\debug\sdltraveler.exe
c:\users\jesse\documents\mydocs\gbc\production2\alphav8\prototype\debug\sdltraveler.ilk
c:\users\jesse\documents\mydocs\gbc\production2\alphav8\prototype\debug\sdltraveler.pdb
c:\users\cj larent\documents\github\dario-conquest\alphav8.1\prototype\sdltraveler\debug\bullet.obj
c:\users\cj larent\documents\github\dario-conquest\alphav8.1\prototype\sdltraveler\debug\enemy.obj
c:\users\cj larent\documents\github\dario-conquest\alphav8.1\prototype\sdltraveler\debug\eyesplosion.obj
c:\users\cj larent\documents\github\dario-conquest\alphav8.1\prototype\sdltraveler\debug\goomba.obj
c:\users\cj larent\documents\github\dario-conquest\alphav8.1\prototype\sdltraveler\debug\goomblast.obj
c:\users\cj larent\documents\github\dario-conquest\alphav8.1\prototype\sdltraveler\debug\health.obj
c:\users\cj larent\documents\github\dario-conquest\alphav8.1\prototype\sdltraveler\debug\platform.obj
c:\users\cj larent\documents\github\dario-conquest\alphav8.1\prototype\sdltraveler\debug\player.obj
c:\users\cj larent\documents\github\dario-conquest\alphav8.1\prototype\debug\sdltraveler.pdb
c:\users\cj larent\documents\github\dario-conquest\alphav8.1\prototype\debug\sdltraveler.exe
c:\users\cj larent\documents\github\dario-conquest\alphav8.1\prototype\debug\sdltraveler.ilk
c:\users\cj larent\documents\github\dario-conquest\alphav8.1\prototype\sdltraveler\debug\sdltraveler.tlog\cl.command.1.tlog
c:\users\cj larent\documents\github\dario-conquest\alphav8.1\prototype\sdltraveler\debug\sdltraveler.tlog\cl.read.1.tlog
c:\users\cj larent\documents\github\dario-conquest\alphav8.1\prototype\sdltraveler\debug\sdltraveler.tlog\cl.write.1.tlog
c:\users\cj larent\documents\github\dario-conquest\alphav8.1\prototype\sdltraveler\debug\sdltraveler.tlog\link.command.1.tlog
c:\users\cj larent\documents\github\dario-conquest\alphav8.1\prototype\sdltraveler\debug\sdltraveler.tlog\link.read.1.tlog
c:\users\cj larent\documents\github\dario-conquest\alphav8.1\prototype\sdltraveler\debug\sdltraveler.tlog\link.write.1.tlog
